<?xml version="1.0" encoding="UTF-8"?>
<testng-results ignored="0" total="2" passed="2" failed="0" skipped="0">
  <reporter-output>
  </reporter-output>
  <suite started-at="2022-09-09T12:42:33 CDT" name="Default suite" finished-at="2022-09-09T12:43:01 CDT" duration-ms="27894">
    <groups>
    </groups>
    <test started-at="2022-09-09T12:42:33 CDT" name="Default test" finished-at="2022-09-09T12:43:01 CDT" duration-ms="27894">
      <class name="com.qa.practice.testcases.loginPageTEST">
        <test-method is-config="true" signature="SetUp()[pri:0, instance:com.qa.practice.testcases.loginPageTEST@6cd28fa7]" started-at="2022-09-09T12:42:33 CDT" name="SetUp" finished-at="2022-09-09T12:42:54 CDT" duration-ms="20362" status="PASS">
          <reporter-output>
          </reporter-output>
        </test-method> <!-- SetUp -->
        <test-method signature="paymentLogoTest()[pri:0, instance:com.qa.practice.testcases.loginPageTEST@6cd28fa7]" started-at="2022-09-09T12:42:54 CDT" name="paymentLogoTest" finished-at="2022-09-09T12:42:54 CDT" duration-ms="171" status="PASS">
          <reporter-output>
          </reporter-output>
        </test-method> <!-- paymentLogoTest -->
        <test-method is-config="true" signature="tearDown()[pri:0, instance:com.qa.practice.testcases.loginPageTEST@6cd28fa7]" started-at="2022-09-09T12:42:54 CDT" name="tearDown" finished-at="2022-09-09T12:42:54 CDT" duration-ms="479" status="PASS">
          <reporter-output>
          </reporter-output>
        </test-method> <!-- tearDown -->
        <test-method is-config="true" signature="SetUp()[pri:0, instance:com.qa.practice.testcases.loginPageTEST@6cd28fa7]" started-at="2022-09-09T12:42:54 CDT" name="SetUp" finished-at="2022-09-09T12:43:01 CDT" duration-ms="6439" status="PASS">
          <reporter-output>
          </reporter-output>
        </test-method> <!-- SetUp -->
        <test-method signature="phpLogoTest()[pri:0, instance:com.qa.practice.testcases.loginPageTEST@6cd28fa7]" started-at="2022-09-09T12:43:01 CDT" name="phpLogoTest" finished-at="2022-09-09T12:43:01 CDT" duration-ms="44" status="PASS">
          <reporter-output>
          </reporter-output>
        </test-method> <!-- phpLogoTest -->
        <test-method is-config="true" signature="tearDown()[pri:0, instance:com.qa.practice.testcases.loginPageTEST@6cd28fa7]" started-at="2022-09-09T12:43:01 CDT" name="tearDown" finished-at="2022-09-09T12:43:01 CDT" duration-ms="350" status="PASS">
          <reporter-output>
          </reporter-output>
        </test-method> <!-- tearDown -->
      </class> <!-- com.qa.practice.testcases.loginPageTEST -->
    </test> <!-- Default test -->
  </suite> <!-- Default suite -->
</testng-results>
